<?xml version="1.0" encoding="UTF-8" ?>
<testsuite tests="7" failures="0" name="adt.bsttree.StudentBSTTest" time="0.003" errors="0" skipped="0">
  <properties>
[...]
</properties>
  <testcase classname="adt.bsttree.StudentBSTTest" name="testSucessorPredecessor" time="0.003"/>
  <testcase classname="adt.bsttree.StudentBSTTest" name="testInit" time="0"/>
  <testcase classname="adt.bsttree.StudentBSTTest" name="testSize" time="0"/>
  <testcase classname="adt.bsttree.StudentBSTTest" name="testHeight" time="0"/>
  <testcase classname="adt.bsttree.StudentBSTTest" name="testMinMax" time="0"/>
  <testcase classname="adt.bsttree.StudentBSTTest" name="testRemove" time="0"/>
  <testcase classname="adt.bsttree.StudentBSTTest" name="testSearch" time="0"/>
</testsuite>